0 info it worked if it ends with ok
1 verbose cli [ '/home/mobi/.nvm/versions/node/v5.12.0/bin/node',
1 verbose cli   '/home/mobi/.nvm/versions/node/v5.12.0/bin/npm',
1 verbose cli   'run',
1 verbose cli   'server' ]
2 info using npm@3.10.5
3 info using node@v5.12.0
4 verbose run-script [ 'preserver', 'server', 'postserver' ]
5 info lifecycle web_gib@0.0.1~preserver: web_gib@0.0.1
6 verbose lifecycle web_gib@0.0.1~preserver: unsafe-perm in lifecycle true
7 verbose lifecycle web_gib@0.0.1~preserver: PATH: /home/mobi/.nvm/versions/node/v5.12.0/lib/node_modules/npm/bin/node-gyp-bin:/home/mobi/ib/ibgib/repo/ib_gib_umb/apps/web_gib/node_modules/.bin:/home/mobi/.nvm/versions/node/v5.12.0/bin:/home/mobi/.nvm/versions/node/v5.12.0/bin:/usr/local/sbin:/usr/local/bin:/usr/sbin:/usr/bin:/sbin:/bin:/usr/games:/usr/local/games:/snap/bin
8 verbose lifecycle web_gib@0.0.1~preserver: CWD: /home/mobi/ib/ibgib/repo/ib_gib_umb/apps/web_gib
9 silly lifecycle web_gib@0.0.1~preserver: Args: [ '-c', 'docker start c' ]
10 silly lifecycle web_gib@0.0.1~preserver: Returned: code: 0  signal: null
11 info lifecycle web_gib@0.0.1~server: web_gib@0.0.1
12 verbose lifecycle web_gib@0.0.1~server: unsafe-perm in lifecycle true
13 verbose lifecycle web_gib@0.0.1~server: PATH: /home/mobi/.nvm/versions/node/v5.12.0/lib/node_modules/npm/bin/node-gyp-bin:/home/mobi/ib/ibgib/repo/ib_gib_umb/apps/web_gib/node_modules/.bin:/home/mobi/.nvm/versions/node/v5.12.0/bin:/home/mobi/.nvm/versions/node/v5.12.0/bin:/usr/local/sbin:/usr/local/bin:/usr/sbin:/usr/bin:/sbin:/bin:/usr/games:/usr/local/games:/snap/bin
14 verbose lifecycle web_gib@0.0.1~server: CWD: /home/mobi/ib/ibgib/repo/ib_gib_umb/apps/web_gib
15 silly lifecycle web_gib@0.0.1~server: Args: [ '-c', 'iex -S mix phoenix.server' ]
16 silly lifecycle web_gib@0.0.1~server: Returned: code: 1  signal: null
17 info lifecycle web_gib@0.0.1~server: Failed to exec server script
18 verbose stack Error: web_gib@0.0.1 server: `iex -S mix phoenix.server`
18 verbose stack Exit status 1
18 verbose stack     at EventEmitter.<anonymous> (/home/mobi/.nvm/versions/node/v5.12.0/lib/node_modules/npm/lib/utils/lifecycle.js:242:16)
18 verbose stack     at emitTwo (events.js:100:13)
18 verbose stack     at EventEmitter.emit (events.js:185:7)
18 verbose stack     at ChildProcess.<anonymous> (/home/mobi/.nvm/versions/node/v5.12.0/lib/node_modules/npm/lib/utils/spawn.js:40:14)
18 verbose stack     at emitTwo (events.js:100:13)
18 verbose stack     at ChildProcess.emit (events.js:185:7)
18 verbose stack     at maybeClose (internal/child_process.js:850:16)
18 verbose stack     at Process.ChildProcess._handle.onexit (internal/child_process.js:215:5)
19 verbose pkgid web_gib@0.0.1
20 verbose cwd /home/mobi/ib/ibgib/repo/ib_gib_umb/apps/web_gib
21 error Linux 4.4.0-36-generic
22 error argv "/home/mobi/.nvm/versions/node/v5.12.0/bin/node" "/home/mobi/.nvm/versions/node/v5.12.0/bin/npm" "run" "server"
23 error node v5.12.0
24 error npm  v3.10.5
25 error code ELIFECYCLE
26 error web_gib@0.0.1 server: `iex -S mix phoenix.server`
26 error Exit status 1
27 error Failed at the web_gib@0.0.1 server script 'iex -S mix phoenix.server'.
27 error Make sure you have the latest version of node.js and npm installed.
27 error If you do, this is most likely a problem with the web_gib package,
27 error not with npm itself.
27 error Tell the author that this fails on your system:
27 error     iex -S mix phoenix.server
27 error You can get information on how to open an issue for this project with:
27 error     npm bugs web_gib
27 error Or if that isn't available, you can get their info via:
27 error     npm owner ls web_gib
27 error There is likely additional logging output above.
28 verbose exit [ 1, true ]
